Copyright 1986-2018 Xilinx, Inc. All Rights Reserved.
---------------------------------------------------------------------------------------------------
| Tool Version : Vivado v.2018.2 (win64) Build 2258646 Thu Jun 14 20:03:12 MDT 2018
| Date         : Sat Sep 28 17:34:50 2024
| Host         : Ghamry running 64-bit major release  (build 9200)
| Command      : report_drc -file FIFO_drc_opted.rpt -pb FIFO_drc_opted.pb -rpx FIFO_drc_opted.rpx
| Design       : FIFO
| Device       : xc7a35ticpg236-1L
| Speed File   : -1L
| Design State : Synthesized
---------------------------------------------------------------------------------------------------

Report DRC

Table of Contents
-----------------
1. REPORT SUMMARY
2. REPORT DETAILS

1. REPORT SUMMARY
-----------------
            Netlist: netlist
          Floorplan: design_1
      Design limits: <entire design considered>
           Ruledeck: default
             Max violations: <unlimited>
             Violations found: 2
+--------+------------------+----------------------------+------------+
| Rule   | Severity         | Description                | Violations |
+--------+------------------+----------------------------+------------+
| NSTD-1 | Critical Warning | Unspecified I/O Standard   | 1          |
| UCIO-1 | Critical Warning | Unconstrained Logical Port | 1          |
+--------+------------------+----------------------------+------------+

2. REPORT DETAILS
-----------------
NSTD-1#1 Critical Warning
Unspecified I/O Standard  
43 out of 43 logical ports use I/O standard (IOSTANDARD) value 'DEFAULT', instead of a user assigned specific value. This may cause I/O contention or incompatibility with the board power or connectivity affecting performance, signal integrity or in extreme cases cause damage to the device or the components to which it is connected. To correct this violation, specify all I/O standards. This design will fail to generate a bitstream unless all logical ports have a user specified I/O standard value defined. To allow bitstream creation with unspecified I/O standard values (not recommended), use this command: set_property SEVERITY {Warning} [get_drc_checks NSTD-1].  NOTE: When using the Vivado Runs infrastructure (e.g. launch_runs Tcl command), add this command to a .tcl file and add that file as a pre-hook for write_bitstream step for the implementation run. Problem ports: vif\\.data_in[15:0], vif\\.data_out[15:0], vif\\.almostempty, vif\\.almostfull, vif\\.clk, vif\\.empty, vif\\.full, vif\\.overflow, vif\\.rd_en, vif\\.rst_n, vif\\.underflow, vif\\.wr_ack, vif\\.wr_en.
Related violations: <none>

UCIO-1#1 Critical Warning
Unconstrained Logical Port  
43 out of 43 logical ports have no user assigned specific location constraint (LOC). This may cause I/O contention or incompatibility with the board power or connectivity affecting performance, signal integrity or in extreme cases cause damage to the device or the components to which it is connected. To correct this violation, specify all pin locations. This design will fail to generate a bitstream unless all logical ports have a user specified site LOC constraint defined.  To allow bitstream creation with unspecified pin locations (not recommended), use this command: set_property SEVERITY {Warning} [get_drc_checks UCIO-1].  NOTE: When using the Vivado Runs infrastructure (e.g. launch_runs Tcl command), add this command to a .tcl file and add that file as a pre-hook for write_bitstream step for the implementation run.  Problem ports: vif\\.data_in[15:0], vif\\.data_out[15:0], vif\\.almostempty, vif\\.almostfull, vif\\.clk, vif\\.empty, vif\\.full, vif\\.overflow, vif\\.rd_en, vif\\.rst_n, vif\\.underflow, vif\\.wr_ack, vif\\.wr_en.
Related violations: <none>


