Copyright 1986-2018 Xilinx, Inc. All Rights Reserved.
------------------------------------------------------------------------------------------------------
| Tool Version : Vivado v.2018.2 (win64) Build 2258646 Thu Jun 14 20:03:12 MDT 2018
| Date         : Sat Sep 28 17:35:26 2024
| Host         : Ghamry running 64-bit major release  (build 9200)
| Command      : report_drc -file FIFO_drc_routed.rpt -pb FIFO_drc_routed.pb -rpx FIFO_drc_routed.rpx
| Design       : FIFO
| Device       : xc7a35ticpg236-1L
| Speed File   : -1L
| Design State : Routed
------------------------------------------------------------------------------------------------------

Report DRC

Table of Contents
-----------------
1. REPORT SUMMARY
2. REPORT DETAILS

1. REPORT SUMMARY
-----------------
            Netlist: netlist
          Floorplan: design_1
      Design limits: <entire design considered>
           Ruledeck: default
             Max violations: <unlimited>
             Violations found: 3
+----------+------------------+--------------------------------------+------------+
| Rule     | Severity         | Description                          | Violations |
+----------+------------------+--------------------------------------+------------+
| NSTD-1   | Critical Warning | Unspecified I/O Standard             | 1          |
| UCIO-1   | Critical Warning | Unconstrained Logical Port           | 1          |
| CFGBVS-7 | Warning          | CONFIG_VOLTAGE with Config Bank VCCO | 1          |
+----------+------------------+--------------------------------------+------------+

2. REPORT DETAILS
-----------------
NSTD-1#1 Critical Warning
Unspecified I/O Standard  
43 out of 43 logical ports use I/O standard (IOSTANDARD) value 'DEFAULT', instead of a user assigned specific value. This may cause I/O contention or incompatibility with the board power or connectivity affecting performance, signal integrity or in extreme cases cause damage to the device or the components to which it is connected. To correct this violation, specify all I/O standards. This design will fail to generate a bitstream unless all logical ports have a user specified I/O standard value defined. To allow bitstream creation with unspecified I/O standard values (not recommended), use this command: set_property SEVERITY {Warning} [get_drc_checks NSTD-1].  NOTE: When using the Vivado Runs infrastructure (e.g. launch_runs Tcl command), add this command to a .tcl file and add that file as a pre-hook for write_bitstream step for the implementation run. Problem ports: vif\\.data_in[15:0], vif\\.data_out[15:0], vif\\.almostempty, vif\\.almostfull, vif\\.clk, vif\\.empty, vif\\.full, vif\\.overflow, vif\\.rd_en, vif\\.rst_n, vif\\.underflow, vif\\.wr_ack, vif\\.wr_en.
Related violations: <none>

UCIO-1#1 Critical Warning
Unconstrained Logical Port  
43 out of 43 logical ports have no user assigned specific location constraint (LOC). This may cause I/O contention or incompatibility with the board power or connectivity affecting performance, signal integrity or in extreme cases cause damage to the device or the components to which it is connected. To correct this violation, specify all pin locations. This design will fail to generate a bitstream unless all logical ports have a user specified site LOC constraint defined.  To allow bitstream creation with unspecified pin locations (not recommended), use this command: set_property SEVERITY {Warning} [get_drc_checks UCIO-1].  NOTE: When using the Vivado Runs infrastructure (e.g. launch_runs Tcl command), add this command to a .tcl file and add that file as a pre-hook for write_bitstream step for the implementation run.  Problem ports: vif\\.data_in[15:0], vif\\.data_out[15:0], vif\\.almostempty, vif\\.almostfull, vif\\.clk, vif\\.empty, vif\\.full, vif\\.overflow, vif\\.rd_en, vif\\.rst_n, vif\\.underflow, vif\\.wr_ack, vif\\.wr_en.
Related violations: <none>

CFGBVS-7#1 Warning
CONFIG_VOLTAGE with Config Bank VCCO  
The CONFIG_MODE property of current_design specifies a configuration mode (SPIx4) that uses pins in bank 14.  I/O standards used in this bank have a voltage requirement of 1.80.  However, the CONFIG_VOLTAGE for current_design is set to 3.3.  Ensure that your configuration voltage is compatible with the I/O standards in banks used by your configuration mode.  Refer to device configuration user guide for more information.    Pins used by config mode: D18 (IO_L1P_T0_D00_MOSI_14), D19 (IO_L1N_T0_D01_DIN_14), G18 (IO_L2P_T0_D02_14), F18 (IO_L2N_T0_D03_14), E18 (IO_L3P_T0_DQS_PUDC_B_14), and K19 (IO_L6P_T0_FCS_B_14)
Related violations: <none>


